# JRE version: OpenJDK Runtime Environment Temurin-17.0.5+8 (17.0.5+8) (build 17.0.5+8)
# Java VM: OpenJDK 64-Bit Server VM Temurin-17.0.5+8 (17.0.5+8, mixed mode, emulated-client, tiered, compressed oops, compressed class ptrs, g1 gc, windows-amd64)
GC Precious Log:
 CPUs: 4 total, 4 available
 Memory: 6075M
 Large Page Support: Disabled
 NUMA Support: Disabled
 Compressed Oops: Enabled (32-bit)
 Heap Region Size: 1M
 Heap Min Capacity: 8M
 Heap Initial Capacity: 96M
 Heap Max Capacity: 1520M
 Pre-touch: Disabled
 Parallel Workers: 4
 Concurrent Workers: 1
 Concurrent Refinement Workers: 4
 Periodic GC: Disabled
Heap:
 garbage-first heap   total 276480K, used 150195K [0x00000000a1000000, 0x0000000100000000)
  region size 1024K, 5 young (5120K), 5 survivors (5120K)
 Metaspace       used 39146K, committed 39488K, reserved 1089536K
  class space    used 4929K, committed 5120K, reserved 1048576K
GC Heap History (20 events):
Event: 55.184 GC heap after
{Heap after GC invocations=38 (full 0):
 garbage-first heap   total 276480K, used 107173K [0x00000000a1000000, 0x0000000100000000)
  region size 1024K, 6 young (6144K), 6 survivors (6144K)
 Metaspace       used 39015K, committed 39360K, reserved 1089536K
  class space    used 4920K, committed 5120K, reserved 1048576K
}
Event: 55.619 GC heap before
{Heap before GC invocations=39 (full 0):
 garbage-first heap   total 276480K, used 232101K [0x00000000a1000000, 0x0000000100000000)
  region size 1024K, 129 young (132096K), 6 survivors (6144K)
 Metaspace       used 39015K, committed 39360K, reserved 1089536K
  class space    used 4920K, committed 5120K, reserved 1048576K
}
Event: 55.627 GC heap after
{Heap after GC invocations=40 (full 0):
 garbage-first heap   total 276480K, used 112480K [0x00000000a1000000, 0x0000000100000000)
  region size 1024K, 11 young (11264K), 11 survivors (11264K)
 Metaspace       used 39015K, committed 39360K, reserved 1089536K
  class space    used 4920K, committed 5120K, reserved 1048576K
}
Event: 55.630 GC heap before
{Heap before GC invocations=40 (full 0):
 garbage-first heap   total 276480K, used 113504K [0x00000000a1000000, 0x0000000100000000)
  region size 1024K, 13 young (13312K), 11 survivors (11264K)
 Metaspace       used 39015K, committed 39360K, reserved 1089536K
  class space    used 4920K, committed 5120K, reserved 1048576K
}
Event: 55.641 GC heap after
{Heap after GC invocations=41 (full 0):
 garbage-first heap   total 276480K, used 111695K [0x00000000a1000000, 0x0000000100000000)
  region size 1024K, 2 young (2048K), 2 survivors (2048K)
 Metaspace       used 39015K, committed 39360K, reserved 1089536K
  class space    used 4920K, committed 5120K, reserved 1048576K
}
Event: 56.119 GC heap before
{Heap before GC invocations=41 (full 0):
 garbage-first heap   total 276480K, used 230479K [0x00000000a1000000, 0x0000000100000000)
  region size 1024K, 119 young (121856K), 2 survivors (2048K)
 Metaspace       used 39015K, committed 39360K, reserved 1089536K
  class space    used 4920K, committed 5120K, reserved 1048576K
}
Event: 56.123 GC heap after
{Heap after GC invocations=42 (full 0):
 garbage-first heap   total 276480K, used 115450K [0x00000000a1000000, 0x0000000100000000)
  region size 1024K, 6 young (6144K), 6 survivors (6144K)
 Metaspace       used 39015K, committed 39360K, reserved 1089536K
  class space    used 4920K, committed 5120K, reserved 1048576K
}
Event: 57.445 GC heap before
{Heap before GC invocations=42 (full 0):
 garbage-first heap   total 276480K, used 231162K [0x00000000a1000000, 0x0000000100000000)
  region size 1024K, 120 young (122880K), 6 survivors (6144K)
 Metaspace       used 39015K, committed 39360K, reserved 1089536K
  class space    used 4920K, committed 5120K, reserved 1048576K
}
Event: 57.451 GC heap after
{Heap after GC invocations=43 (full 0):
 garbage-first heap   total 276480K, used 122499K [0x00000000a1000000, 0x0000000100000000)
  region size 1024K, 12 young (12288K), 12 survivors (12288K)
 Metaspace       used 39015K, committed 39360K, reserved 1089536K
  class space    used 4920K, committed 5120K, reserved 1048576K
}
Event: 57.676 GC heap before
{Heap before GC invocations=43 (full 0):
 garbage-first heap   total 276480K, used 232067K [0x00000000a1000000, 0x0000000100000000)
  region size 1024K, 120 young (122880K), 12 survivors (12288K)
 Metaspace       used 39015K, committed 39360K, reserved 1089536K
  class space    used 4920K, committed 5120K, reserved 1048576K
}
Event: 57.683 GC heap after
{Heap after GC invocations=44 (full 0):
 garbage-first heap   total 276480K, used 130877K [0x00000000a1000000, 0x0000000100000000)
  region size 1024K, 15 young (15360K), 15 survivors (15360K)
 Metaspace       used 39015K, committed 39360K, reserved 1089536K
  class space    used 4920K, committed 5120K, reserved 1048576K
}
Event: 61.075 GC heap before
{Heap before GC invocations=44 (full 0):
 garbage-first heap   total 276480K, used 231229K [0x00000000a1000000, 0x0000000100000000)
  region size 1024K, 114 young (116736K), 15 survivors (15360K)
 Metaspace       used 39027K, committed 39360K, reserved 1089536K
  class space    used 4921K, committed 5120K, reserved 1048576K
}
Event: 61.082 GC heap after
{Heap after GC invocations=45 (full 0):
 garbage-first heap   total 276480K, used 137254K [0x00000000a1000000, 0x0000000100000000)
  region size 1024K, 7 young (7168K), 7 survivors (7168K)
 Metaspace       used 39027K, committed 39360K, reserved 1089536K
  class space    used 4921K, committed 5120K, reserved 1048576K
}
Event: 61.584 GC heap before
{Heap before GC invocations=45 (full 0):
 garbage-first heap   total 276480K, used 231462K [0x00000000a1000000, 0x0000000100000000)
  region size 1024K, 100 young (102400K), 7 survivors (7168K)
 Metaspace       used 39146K, committed 39488K, reserved 1089536K
  class space    used 4929K, committed 5120K, reserved 1048576K
}
Event: 61.590 GC heap after
{Heap after GC invocations=46 (full 0):
 garbage-first heap   total 276480K, used 142259K [0x00000000a1000000, 0x0000000100000000)
  region size 1024K, 12 young (12288K), 12 survivors (12288K)
 Metaspace       used 39146K, committed 39488K, reserved 1089536K
  class space    used 4929K, committed 5120K, reserved 1048576K
}
Event: 61.974 GC heap before
{Heap before GC invocations=47 (full 0):
 garbage-first heap   total 276480K, used 232371K [0x00000000a1000000, 0x0000000100000000)
  region size 1024K, 101 young (103424K), 12 survivors (12288K)
 Metaspace       used 39146K, committed 39488K, reserved 1089536K
  class space    used 4929K, committed 5120K, reserved 1048576K
}
Event: 61.981 GC heap after
{Heap after GC invocations=48 (full 0):
 garbage-first heap   total 276480K, used 147427K [0x00000000a1000000, 0x0000000100000000)
  region size 1024K, 10 young (10240K), 10 survivors (10240K)
 Metaspace       used 39146K, committed 39488K, reserved 1089536K
  class space    used 4929K, committed 5120K, reserved 1048576K
}
Event: 61.992 GC heap before
{Heap before GC invocations=48 (full 0):
 garbage-first heap   total 276480K, used 149475K [0x00000000a1000000, 0x0000000100000000)
  region size 1024K, 13 young (13312K), 10 survivors (10240K)
 Metaspace       used 39146K, committed 39488K, reserved 1089536K
  class space    used 4929K, committed 5120K, reserved 1048576K
}
Event: 61.999 GC heap after
{Heap after GC invocations=49 (full 0):
 garbage-first heap   total 276480K, used 145957K [0x00000000a1000000, 0x0000000100000000)
  region size 1024K, 2 young (2048K), 2 survivors (2048K)
 Metaspace       used 39146K, committed 39488K, reserved 1089536K
  class space    used 4929K, committed 5120K, reserved 1048576K
}
Event: 62.313 GC heap before
{Heap before GC invocations=49 (full 0):
 garbage-first heap   total 276480K, used 234021K [0x00000000a1000000, 0x0000000100000000)
  region size 1024K, 88 young (90112K), 2 survivors (2048K)
 Metaspace       used 39146K, committed 39488K, reserved 1089536K
  class space    used 4929K, committed 5120K, reserved 1048576K
}

