# JRE version: OpenJDK Runtime Environment Temurin-17.0.5+8 (17.0.5+8) (build 17.0.5+8)
# Java VM: OpenJDK 64-Bit Server VM Temurin-17.0.5+8 (17.0.5+8, mixed mode, emulated-client, tiered, compressed oops, compressed class ptrs, g1 gc, windows-amd64)
GC Precious Log:
 CPUs: 4 total, 4 available
 Memory: 6075M
 Large Page Support: Disabled
 NUMA Support: Disabled
 Compressed Oops: Enabled (32-bit)
 Heap Region Size: 1M
 Heap Min Capacity: 8M
 Heap Initial Capacity: 96M
 Heap Max Capacity: 1520M
 Pre-touch: Disabled
 Parallel Workers: 4
 Concurrent Workers: 1
 Concurrent Refinement Workers: 4
 Periodic GC: Disabled
Heap:
 garbage-first heap   total 471040K, used 204268K [0x00000000a1000000, 0x0000000100000000)
  region size 1024K, 19 young (19456K), 19 survivors (19456K)
 Metaspace       used 56118K, committed 56512K, reserved 1105920K
  class space    used 7054K, committed 7232K, reserved 1048576K
GC Heap History (20 events):
Event: 14.303 GC heap after
{Heap after GC invocations=37 (full 0):
 garbage-first heap   total 315392K, used 100772K [0x00000000a1000000, 0x0000000100000000)
  region size 1024K, 15 young (15360K), 15 survivors (15360K)
 Metaspace       used 50495K, committed 50880K, reserved 1097728K
  class space    used 6382K, committed 6528K, reserved 1048576K
}
Event: 14.498 GC heap before
{Heap before GC invocations=37 (full 0):
 garbage-first heap   total 315392K, used 252324K [0x00000000a1000000, 0x0000000100000000)
  region size 1024K, 164 young (167936K), 15 survivors (15360K)
 Metaspace       used 51928K, committed 52352K, reserved 1097728K
  class space    used 6596K, committed 6848K, reserved 1048576K
}
Event: 14.516 GC heap after
{Heap after GC invocations=38 (full 0):
 garbage-first heap   total 315392K, used 107008K [0x00000000a1000000, 0x0000000100000000)
  region size 1024K, 14 young (14336K), 14 survivors (14336K)
 Metaspace       used 51928K, committed 52352K, reserved 1097728K
  class space    used 6596K, committed 6848K, reserved 1048576K
}
Event: 14.883 GC heap before
{Heap before GC invocations=38 (full 0):
 garbage-first heap   total 315392K, used 256512K [0x00000000a1000000, 0x0000000100000000)
  region size 1024K, 161 young (164864K), 14 survivors (14336K)
 Metaspace       used 52813K, committed 53184K, reserved 1097728K
  class space    used 6719K, committed 6912K, reserved 1048576K
}
Event: 14.925 GC heap after
{Heap after GC invocations=39 (full 0):
 garbage-first heap   total 315392K, used 113831K [0x00000000a1000000, 0x0000000100000000)
  region size 1024K, 14 young (14336K), 14 survivors (14336K)
 Metaspace       used 52813K, committed 53184K, reserved 1097728K
  class space    used 6719K, committed 6912K, reserved 1048576K
}
Event: 15.255 GC heap before
{Heap before GC invocations=39 (full 0):
 garbage-first heap   total 315392K, used 259239K [0x00000000a1000000, 0x0000000100000000)
  region size 1024K, 157 young (160768K), 14 survivors (14336K)
 Metaspace       used 53348K, committed 53760K, reserved 1097728K
  class space    used 6783K, committed 6976K, reserved 1048576K
}
Event: 15.272 GC heap after
{Heap after GC invocations=40 (full 0):
 garbage-first heap   total 471040K, used 119419K [0x00000000a1000000, 0x0000000100000000)
  region size 1024K, 12 young (12288K), 12 survivors (12288K)
 Metaspace       used 53348K, committed 53760K, reserved 1097728K
  class space    used 6783K, committed 6976K, reserved 1048576K
}
Event: 16.629 GC heap before
{Heap before GC invocations=40 (full 0):
 garbage-first heap   total 471040K, used 388731K [0x00000000a1000000, 0x0000000100000000)
  region size 1024K, 276 young (282624K), 12 survivors (12288K)
 Metaspace       used 55695K, committed 56064K, reserved 1097728K
  class space    used 7006K, committed 7168K, reserved 1048576K
}
Event: 16.703 GC heap after
{Heap after GC invocations=41 (full 0):
 garbage-first heap   total 471040K, used 131707K [0x00000000a1000000, 0x0000000100000000)
  region size 1024K, 24 young (24576K), 24 survivors (24576K)
 Metaspace       used 55695K, committed 56064K, reserved 1097728K
  class space    used 7006K, committed 7168K, reserved 1048576K
}
Event: 17.634 GC heap before
{Heap before GC invocations=41 (full 0):
 garbage-first heap   total 471040K, used 383611K [0x00000000a1000000, 0x0000000100000000)
  region size 1024K, 271 young (277504K), 24 survivors (24576K)
 Metaspace       used 55965K, committed 56384K, reserved 1105920K
  class space    used 7042K, committed 7232K, reserved 1048576K
}
Event: 17.679 GC heap after
{Heap after GC invocations=42 (full 0):
 garbage-first heap   total 471040K, used 148947K [0x00000000a1000000, 0x0000000100000000)
  region size 1024K, 34 young (34816K), 34 survivors (34816K)
 Metaspace       used 55965K, committed 56384K, reserved 1105920K
  class space    used 7042K, committed 7232K, reserved 1048576K
}
Event: 23.540 GC heap before
{Heap before GC invocations=42 (full 0):
 garbage-first heap   total 471040K, used 383443K [0x00000000a1000000, 0x0000000100000000)
  region size 1024K, 263 young (269312K), 34 survivors (34816K)
 Metaspace       used 56116K, committed 56512K, reserved 1105920K
  class space    used 7054K, committed 7232K, reserved 1048576K
}
Event: 23.638 GC heap after
{Heap after GC invocations=43 (full 0):
 garbage-first heap   total 471040K, used 162567K [0x00000000a1000000, 0x0000000100000000)
  region size 1024K, 12 young (12288K), 12 survivors (12288K)
 Metaspace       used 56116K, committed 56512K, reserved 1105920K
  class space    used 7054K, committed 7232K, reserved 1048576K
}
Event: 25.340 GC heap before
{Heap before GC invocations=43 (full 0):
 garbage-first heap   total 471040K, used 386823K [0x00000000a1000000, 0x0000000100000000)
  region size 1024K, 232 young (237568K), 12 survivors (12288K)
 Metaspace       used 56116K, committed 56512K, reserved 1105920K
  class space    used 7054K, committed 7232K, reserved 1048576K
}
Event: 25.363 GC heap after
{Heap after GC invocations=44 (full 0):
 garbage-first heap   total 471040K, used 172807K [0x00000000a1000000, 0x0000000100000000)
  region size 1024K, 22 young (22528K), 22 survivors (22528K)
 Metaspace       used 56116K, committed 56512K, reserved 1105920K
  class space    used 7054K, committed 7232K, reserved 1048576K
}
Event: 26.422 GC heap before
{Heap before GC invocations=44 (full 0):
 garbage-first heap   total 471040K, used 391943K [0x00000000a1000000, 0x0000000100000000)
  region size 1024K, 237 young (242688K), 22 survivors (22528K)
 Metaspace       used 56118K, committed 56512K, reserved 1105920K
  class space    used 7054K, committed 7232K, reserved 1048576K
}
Event: 26.505 GC heap after
{Heap after GC invocations=45 (full 0):
 garbage-first heap   total 471040K, used 183977K [0x00000000a1000000, 0x0000000100000000)
  region size 1024K, 21 young (21504K), 21 survivors (21504K)
 Metaspace       used 56118K, committed 56512K, reserved 1105920K
  class space    used 7054K, committed 7232K, reserved 1048576K
}
Event: 27.131 GC heap before
{Heap before GC invocations=45 (full 0):
 garbage-first heap   total 471040K, used 394921K [0x00000000a1000000, 0x0000000100000000)
  region size 1024K, 228 young (233472K), 21 survivors (21504K)
 Metaspace       used 56118K, committed 56512K, reserved 1105920K
  class space    used 7054K, committed 7232K, reserved 1048576K
}
Event: 27.194 GC heap after
{Heap after GC invocations=46 (full 0):
 garbage-first heap   total 471040K, used 193522K [0x00000000a1000000, 0x0000000100000000)
  region size 1024K, 20 young (20480K), 20 survivors (20480K)
 Metaspace       used 56118K, committed 56512K, reserved 1105920K
  class space    used 7054K, committed 7232K, reserved 1048576K
}
Event: 29.356 GC heap before
{Heap before GC invocations=46 (full 0):
 garbage-first heap   total 471040K, used 397298K [0x00000000a1000000, 0x0000000100000000)
  region size 1024K, 220 young (225280K), 20 survivors (20480K)
 Metaspace       used 56118K, committed 56512K, reserved 1105920K
  class space    used 7054K, committed 7232K, reserved 1048576K
}

