# JRE version: OpenJDK Runtime Environment Temurin-17.0.5+8 (17.0.5+8) (build 17.0.5+8)
# Java VM: OpenJDK 64-Bit Server VM Temurin-17.0.5+8 (17.0.5+8, mixed mode, emulated-client, tiered, compressed oops, compressed class ptrs, g1 gc, windows-amd64)
GC Precious Log:
 CPUs: 4 total, 4 available
 Memory: 6075M
 Large Page Support: Disabled
 NUMA Support: Disabled
 Compressed Oops: Enabled (32-bit)
 Heap Region Size: 1M
 Heap Min Capacity: 8M
 Heap Initial Capacity: 96M
 Heap Max Capacity: 1520M
 Pre-touch: Disabled
 Parallel Workers: 4
 Concurrent Workers: 1
 Concurrent Refinement Workers: 4
 Periodic GC: Disabled
Heap:
 garbage-first heap   total 128000K, used 74569K [0x00000000a1000000, 0x0000000100000000)
  region size 1024K, 1 young (1024K), 1 survivors (1024K)
 Metaspace       used 45273K, committed 45696K, reserved 1089536K
  class space    used 5673K, committed 5888K, reserved 1048576K
GC Heap History (20 events):
Event: 7.902 GC heap after
{Heap after GC invocations=20 (full 0):
 garbage-first heap   total 55296K, used 33415K [0x00000000a1000000, 0x0000000100000000)
  region size 1024K, 2 young (2048K), 2 survivors (2048K)
 Metaspace       used 38671K, committed 39040K, reserved 1089536K
  class space    used 4869K, committed 5056K, reserved 1048576K
}
Event: 8.039 GC heap before
{Heap before GC invocations=21 (full 0):
 garbage-first heap   total 60416K, used 42631K [0x00000000a1000000, 0x0000000100000000)
  region size 1024K, 11 young (11264K), 2 survivors (2048K)
 Metaspace       used 38746K, committed 39040K, reserved 1089536K
  class space    used 4881K, committed 5056K, reserved 1048576K
}
Event: 8.042 GC heap after
{Heap after GC invocations=22 (full 0):
 garbage-first heap   total 60416K, used 34910K [0x00000000a1000000, 0x0000000100000000)
  region size 1024K, 2 young (2048K), 2 survivors (2048K)
 Metaspace       used 38746K, committed 39040K, reserved 1089536K
  class space    used 4881K, committed 5056K, reserved 1048576K
}
Event: 8.049 GC heap before
{Heap before GC invocations=22 (full 0):
 garbage-first heap   total 60416K, used 35934K [0x00000000a1000000, 0x0000000100000000)
  region size 1024K, 3 young (3072K), 2 survivors (2048K)
 Metaspace       used 38750K, committed 39104K, reserved 1089536K
  class space    used 4881K, committed 5056K, reserved 1048576K
}
Event: 8.051 GC heap after
{Heap after GC invocations=23 (full 0):
 garbage-first heap   total 60416K, used 35268K [0x00000000a1000000, 0x0000000100000000)
  region size 1024K, 1 young (1024K), 1 survivors (1024K)
 Metaspace       used 38750K, committed 39104K, reserved 1089536K
  class space    used 4881K, committed 5056K, reserved 1048576K
}
Event: 8.096 GC heap before
{Heap before GC invocations=23 (full 0):
 garbage-first heap   total 60416K, used 47556K [0x00000000a1000000, 0x0000000100000000)
  region size 1024K, 13 young (13312K), 1 survivors (1024K)
 Metaspace       used 38761K, committed 39104K, reserved 1089536K
  class space    used 4885K, committed 5056K, reserved 1048576K
}
Event: 8.100 GC heap after
{Heap after GC invocations=24 (full 0):
 garbage-first heap   total 120832K, used 37492K [0x00000000a1000000, 0x0000000100000000)
  region size 1024K, 2 young (2048K), 2 survivors (2048K)
 Metaspace       used 38761K, committed 39104K, reserved 1089536K
  class space    used 4885K, committed 5056K, reserved 1048576K
}
Event: 8.276 GC heap before
{Heap before GC invocations=25 (full 0):
 garbage-first heap   total 120832K, used 84596K [0x00000000a1000000, 0x0000000100000000)
  region size 1024K, 49 young (50176K), 2 survivors (2048K)
 Metaspace       used 38871K, committed 39232K, reserved 1089536K
  class space    used 4907K, committed 5056K, reserved 1048576K
}
Event: 8.291 GC heap after
{Heap after GC invocations=26 (full 0):
 garbage-first heap   total 120832K, used 51542K [0x00000000a1000000, 0x0000000100000000)
  region size 1024K, 7 young (7168K), 7 survivors (7168K)
 Metaspace       used 38871K, committed 39232K, reserved 1089536K
  class space    used 4907K, committed 5056K, reserved 1048576K
}
Event: 8.294 GC heap before
{Heap before GC invocations=26 (full 0):
 garbage-first heap   total 120832K, used 51542K [0x00000000a1000000, 0x0000000100000000)
  region size 1024K, 8 young (8192K), 7 survivors (7168K)
 Metaspace       used 38876K, committed 39232K, reserved 1089536K
  class space    used 4909K, committed 5056K, reserved 1048576K
}
Event: 8.299 GC heap after
{Heap after GC invocations=27 (full 0):
 garbage-first heap   total 120832K, used 52679K [0x00000000a1000000, 0x0000000100000000)
  region size 1024K, 1 young (1024K), 1 survivors (1024K)
 Metaspace       used 38876K, committed 39232K, reserved 1089536K
  class space    used 4909K, committed 5056K, reserved 1048576K
}
Event: 9.100 GC heap before
{Heap before GC invocations=27 (full 0):
 garbage-first heap   total 120832K, used 81351K [0x00000000a1000000, 0x0000000100000000)
  region size 1024K, 30 young (30720K), 1 survivors (1024K)
 Metaspace       used 43097K, committed 43520K, reserved 1089536K
  class space    used 5364K, committed 5568K, reserved 1048576K
}
Event: 9.106 GC heap after
{Heap after GC invocations=28 (full 0):
 garbage-first heap   total 120832K, used 55427K [0x00000000a1000000, 0x0000000100000000)
  region size 1024K, 4 young (4096K), 4 survivors (4096K)
 Metaspace       used 43097K, committed 43520K, reserved 1089536K
  class space    used 5364K, committed 5568K, reserved 1048576K
}
Event: 9.296 GC heap before
{Heap before GC invocations=28 (full 0):
 garbage-first heap   total 120832K, used 86147K [0x00000000a1000000, 0x0000000100000000)
  region size 1024K, 33 young (33792K), 4 survivors (4096K)
 Metaspace       used 43683K, committed 44096K, reserved 1089536K
  class space    used 5457K, committed 5632K, reserved 1048576K
}
Event: 9.312 GC heap after
{Heap after GC invocations=29 (full 0):
 garbage-first heap   total 120832K, used 68405K [0x00000000a1000000, 0x0000000100000000)
  region size 1024K, 5 young (5120K), 5 survivors (5120K)
 Metaspace       used 43683K, committed 44096K, reserved 1089536K
  class space    used 5457K, committed 5632K, reserved 1048576K
}
Event: 9.458 GC heap before
{Heap before GC invocations=29 (full 0):
 garbage-first heap   total 120832K, used 88885K [0x00000000a1000000, 0x0000000100000000)
  region size 1024K, 26 young (26624K), 5 survivors (5120K)
 Metaspace       used 44220K, committed 44544K, reserved 1089536K
  class space    used 5546K, committed 5696K, reserved 1048576K
}
Event: 9.477 GC heap after
{Heap after GC invocations=30 (full 0):
 garbage-first heap   total 120832K, used 73724K [0x00000000a1000000, 0x0000000100000000)
  region size 1024K, 4 young (4096K), 4 survivors (4096K)
 Metaspace       used 44220K, committed 44544K, reserved 1089536K
  class space    used 5546K, committed 5696K, reserved 1048576K
}
Event: 9.874 GC heap before
{Heap before GC invocations=31 (full 0):
 garbage-first heap   total 128000K, used 91132K [0x00000000a1000000, 0x0000000100000000)
  region size 1024K, 23 young (23552K), 4 survivors (4096K)
 Metaspace       used 45242K, committed 45696K, reserved 1089536K
  class space    used 5666K, committed 5888K, reserved 1048576K
}
Event: 9.885 GC heap after
{Heap after GC invocations=32 (full 0):
 garbage-first heap   total 128000K, used 74776K [0x00000000a1000000, 0x0000000100000000)
  region size 1024K, 2 young (2048K), 2 survivors (2048K)
 Metaspace       used 45242K, committed 45696K, reserved 1089536K
  class space    used 5666K, committed 5888K, reserved 1048576K
}
Event: 9.901 GC heap before
{Heap before GC invocations=32 (full 0):
 garbage-first heap   total 128000K, used 77848K [0x00000000a1000000, 0x0000000100000000)
  region size 1024K, 6 young (6144K), 2 survivors (2048K)
 Metaspace       used 45273K, committed 45696K, reserved 1089536K
  class space    used 5673K, committed 5888K, reserved 1048576K
}

