# JRE version: OpenJDK Runtime Environment Temurin-17.0.5+8 (17.0.5+8) (build 17.0.5+8)
# Java VM: OpenJDK 64-Bit Server VM Temurin-17.0.5+8 (17.0.5+8, mixed mode, emulated-client, tiered, compressed oops, compressed class ptrs, g1 gc, windows-amd64)
GC Precious Log:
 CPUs: 4 total, 4 available
 Memory: 6075M
 Large Page Support: Disabled
 NUMA Support: Disabled
 Compressed Oops: Enabled (32-bit)
 Heap Region Size: 1M
 Heap Min Capacity: 8M
 Heap Initial Capacity: 96M
 Heap Max Capacity: 1520M
 Pre-touch: Disabled
 Parallel Workers: 4
 Concurrent Workers: 1
 Concurrent Refinement Workers: 4
 Periodic GC: Disabled
Heap:
 garbage-first heap   total 208896K, used 80208K [0x00000000a1000000, 0x0000000100000000)
  region size 1024K, 6 young (6144K), 6 survivors (6144K)
 Metaspace       used 45989K, committed 46400K, reserved 1089536K
  class space    used 5747K, committed 5952K, reserved 1048576K
GC Heap History (20 events):
Event: 14.988 GC heap after
{Heap after GC invocations=16 (full 0):
 garbage-first heap   total 55296K, used 30532K [0x00000000a1000000, 0x0000000100000000)
  region size 1024K, 2 young (2048K), 2 survivors (2048K)
 Metaspace       used 37410K, committed 37760K, reserved 1089536K
  class space    used 4770K, committed 4928K, reserved 1048576K
}
Event: 15.025 GC heap before
{Heap before GC invocations=16 (full 0):
 garbage-first heap   total 55296K, used 40772K [0x00000000a1000000, 0x0000000100000000)
  region size 1024K, 13 young (13312K), 2 survivors (2048K)
 Metaspace       used 37736K, committed 38080K, reserved 1089536K
  class space    used 4774K, committed 4928K, reserved 1048576K
}
Event: 15.028 GC heap after
{Heap after GC invocations=17 (full 0):
 garbage-first heap   total 55296K, used 32176K [0x00000000a1000000, 0x0000000100000000)
  region size 1024K, 2 young (2048K), 2 survivors (2048K)
 Metaspace       used 37736K, committed 38080K, reserved 1089536K
  class space    used 4774K, committed 4928K, reserved 1048576K
}
Event: 15.099 GC heap before
{Heap before GC invocations=17 (full 0):
 garbage-first heap   total 73728K, used 42416K [0x00000000a1000000, 0x0000000100000000)
  region size 1024K, 12 young (12288K), 2 survivors (2048K)
 Metaspace       used 37864K, committed 38208K, reserved 1089536K
  class space    used 4788K, committed 4928K, reserved 1048576K
}
Event: 15.103 GC heap after
{Heap after GC invocations=18 (full 0):
 garbage-first heap   total 73728K, used 34151K [0x00000000a1000000, 0x0000000100000000)
  region size 1024K, 2 young (2048K), 2 survivors (2048K)
 Metaspace       used 37864K, committed 38208K, reserved 1089536K
  class space    used 4788K, committed 4928K, reserved 1048576K
}
Event: 15.189 GC heap before
{Heap before GC invocations=19 (full 0):
 garbage-first heap   total 73728K, used 53607K [0x00000000a1000000, 0x0000000100000000)
  region size 1024K, 22 young (22528K), 2 survivors (2048K)
 Metaspace       used 38016K, committed 38272K, reserved 1089536K
  class space    used 4803K, committed 4928K, reserved 1048576K
}
Event: 15.197 GC heap after
{Heap after GC invocations=20 (full 0):
 garbage-first heap   total 73728K, used 38034K [0x00000000a1000000, 0x0000000100000000)
  region size 1024K, 3 young (3072K), 3 survivors (3072K)
 Metaspace       used 38016K, committed 38272K, reserved 1089536K
  class space    used 4803K, committed 4928K, reserved 1048576K
}
Event: 15.199 GC heap before
{Heap before GC invocations=20 (full 0):
 garbage-first heap   total 73728K, used 39058K [0x00000000a1000000, 0x0000000100000000)
  region size 1024K, 4 young (4096K), 3 survivors (3072K)
 Metaspace       used 38016K, committed 38272K, reserved 1089536K
  class space    used 4803K, committed 4928K, reserved 1048576K
}
Event: 15.203 GC heap after
{Heap after GC invocations=21 (full 0):
 garbage-first heap   total 73728K, used 38758K [0x00000000a1000000, 0x0000000100000000)
  region size 1024K, 1 young (1024K), 1 survivors (1024K)
 Metaspace       used 38016K, committed 38272K, reserved 1089536K
  class space    used 4803K, committed 4928K, reserved 1048576K
}
Event: 15.251 GC heap before
{Heap before GC invocations=21 (full 0):
 garbage-first heap   total 73728K, used 54118K [0x00000000a1000000, 0x0000000100000000)
  region size 1024K, 17 young (17408K), 1 survivors (1024K)
 Metaspace       used 38021K, committed 38336K, reserved 1089536K
  class space    used 4803K, committed 4928K, reserved 1048576K
}
Event: 15.259 GC heap after
{Heap after GC invocations=22 (full 0):
 garbage-first heap   total 200704K, used 42832K [0x00000000a1000000, 0x0000000100000000)
  region size 1024K, 3 young (3072K), 3 survivors (3072K)
 Metaspace       used 38021K, committed 38336K, reserved 1089536K
  class space    used 4803K, committed 4928K, reserved 1048576K
}
Event: 16.810 GC heap before
{Heap before GC invocations=23 (full 0):
 garbage-first heap   total 163840K, used 137040K [0x00000000a1000000, 0x0000000100000000)
  region size 1024K, 95 young (97280K), 3 survivors (3072K)
 Metaspace       used 43660K, committed 44032K, reserved 1089536K
  class space    used 5453K, committed 5632K, reserved 1048576K
}
Event: 16.874 GC heap after
{Heap after GC invocations=24 (full 0):
 garbage-first heap   total 172032K, used 74012K [0x00000000a1000000, 0x0000000100000000)
  region size 1024K, 12 young (12288K), 12 survivors (12288K)
 Metaspace       used 43660K, committed 44032K, reserved 1089536K
  class space    used 5453K, committed 5632K, reserved 1048576K
}
Event: 16.877 GC heap before
{Heap before GC invocations=24 (full 0):
 garbage-first heap   total 172032K, used 75036K [0x00000000a1000000, 0x0000000100000000)
  region size 1024K, 13 young (13312K), 12 survivors (12288K)
 Metaspace       used 43671K, committed 44032K, reserved 1089536K
  class space    used 5454K, committed 5632K, reserved 1048576K
}
Event: 16.886 GC heap after
{Heap after GC invocations=25 (full 0):
 garbage-first heap   total 172032K, used 75463K [0x00000000a1000000, 0x0000000100000000)
  region size 1024K, 2 young (2048K), 2 survivors (2048K)
 Metaspace       used 43671K, committed 44032K, reserved 1089536K
  class space    used 5454K, committed 5632K, reserved 1048576K
}
Event: 16.966 GC heap before
{Heap before GC invocations=25 (full 0):
 garbage-first heap   total 172032K, used 114375K [0x00000000a1000000, 0x0000000100000000)
  region size 1024K, 41 young (41984K), 2 survivors (2048K)
 Metaspace       used 44243K, committed 44672K, reserved 1089536K
  class space    used 5539K, committed 5760K, reserved 1048576K
}
Event: 16.968 GC heap after
{Heap after GC invocations=26 (full 0):
 garbage-first heap   total 172032K, used 75968K [0x00000000a1000000, 0x0000000100000000)
  region size 1024K, 2 young (2048K), 2 survivors (2048K)
 Metaspace       used 44243K, committed 44672K, reserved 1089536K
  class space    used 5539K, committed 5760K, reserved 1048576K
}
Event: 17.053 GC heap before
{Heap before GC invocations=26 (full 0):
 garbage-first heap   total 172032K, used 120000K [0x00000000a1000000, 0x0000000100000000)
  region size 1024K, 46 young (47104K), 2 survivors (2048K)
 Metaspace       used 45216K, committed 45632K, reserved 1089536K
  class space    used 5639K, committed 5824K, reserved 1048576K
}
Event: 17.056 GC heap after
{Heap after GC invocations=27 (full 0):
 garbage-first heap   total 172032K, used 77677K [0x00000000a1000000, 0x0000000100000000)
  region size 1024K, 4 young (4096K), 4 survivors (4096K)
 Metaspace       used 45216K, committed 45632K, reserved 1089536K
  class space    used 5639K, committed 5824K, reserved 1048576K
}
Event: 17.118 GC heap before
{Heap before GC invocations=27 (full 0):
 garbage-first heap   total 172032K, used 125805K [0x00000000a1000000, 0x0000000100000000)
  region size 1024K, 52 young (53248K), 4 survivors (4096K)
 Metaspace       used 45989K, committed 46400K, reserved 1089536K
  class space    used 5747K, committed 5952K, reserved 1048576K
}

