# JRE version: OpenJDK Runtime Environment Temurin-17.0.5+8 (17.0.5+8) (build 17.0.5+8)
# Java VM: OpenJDK 64-Bit Server VM Temurin-17.0.5+8 (17.0.5+8, mixed mode, emulated-client, tiered, compressed oops, compressed class ptrs, g1 gc, windows-amd64)
GC Precious Log:
 CPUs: 4 total, 4 available
 Memory: 6075M
 Large Page Support: Disabled
 NUMA Support: Disabled
 Compressed Oops: Enabled (32-bit)
 Heap Region Size: 1M
 Heap Min Capacity: 8M
 Heap Initial Capacity: 96M
 Heap Max Capacity: 1520M
 Pre-touch: Disabled
 Parallel Workers: 4
 Concurrent Workers: 1
 Concurrent Refinement Workers: 4
 Periodic GC: Disabled
Heap:
 garbage-first heap   total 122880K, used 36576K [0x00000000a1000000, 0x0000000100000000)
  region size 1024K, 1 young (1024K), 0 survivors (0K)
 Metaspace       used 64237K, committed 64832K, reserved 1105920K
  class space    used 8566K, committed 8832K, reserved 1048576K
GC Heap History (20 events):
Event: 365325.467 GC heap before
{Heap before GC invocations=35224 (full 35173):
 garbage-first heap   total 122880K, used 36576K [0x00000000a1000000, 0x0000000100000000)
  region size 1024K, 1 young (1024K), 0 survivors (0K)
 Metaspace       used 64237K, committed 64832K, reserved 1105920K
  class space    used 8566K, committed 8832K, reserved 1048576K
}
Event: 365326.044 GC heap after
{Heap after GC invocations=35225 (full 35174):
 garbage-first heap   total 122880K, used 36576K [0x00000000a1000000, 0x0000000100000000)
  region size 1024K, 0 young (0K), 0 survivors (0K)
 Metaspace       used 64237K, committed 64832K, reserved 1105920K
  class space    used 8566K, committed 8832K, reserved 1048576K
}
Event: 365336.533 GC heap before
{Heap before GC invocations=35225 (full 35174):
 garbage-first heap   total 122880K, used 36576K [0x00000000a1000000, 0x0000000100000000)
  region size 1024K, 1 young (1024K), 0 survivors (0K)
 Metaspace       used 64237K, committed 64832K, reserved 1105920K
  class space    used 8566K, committed 8832K, reserved 1048576K
}
Event: 365336.680 GC heap after
{Heap after GC invocations=35226 (full 35175):
 garbage-first heap   total 122880K, used 36576K [0x00000000a1000000, 0x0000000100000000)
  region size 1024K, 0 young (0K), 0 survivors (0K)
 Metaspace       used 64237K, committed 64832K, reserved 1105920K
  class space    used 8566K, committed 8832K, reserved 1048576K
}
Event: 365346.977 GC heap before
{Heap before GC invocations=35226 (full 35175):
 garbage-first heap   total 122880K, used 36576K [0x00000000a1000000, 0x0000000100000000)
  region size 1024K, 1 young (1024K), 0 survivors (0K)
 Metaspace       used 64237K, committed 64832K, reserved 1105920K
  class space    used 8566K, committed 8832K, reserved 1048576K
}
Event: 365347.048 GC heap after
{Heap after GC invocations=35227 (full 35176):
 garbage-first heap   total 122880K, used 36576K [0x00000000a1000000, 0x0000000100000000)
  region size 1024K, 0 young (0K), 0 survivors (0K)
 Metaspace       used 64237K, committed 64832K, reserved 1105920K
  class space    used 8566K, committed 8832K, reserved 1048576K
}
Event: 365358.548 GC heap before
{Heap before GC invocations=35227 (full 35176):
 garbage-first heap   total 122880K, used 36576K [0x00000000a1000000, 0x0000000100000000)
  region size 1024K, 1 young (1024K), 0 survivors (0K)
 Metaspace       used 64237K, committed 64832K, reserved 1105920K
  class space    used 8566K, committed 8832K, reserved 1048576K
}
Event: 365358.634 GC heap after
{Heap after GC invocations=35228 (full 35177):
 garbage-first heap   total 122880K, used 36576K [0x00000000a1000000, 0x0000000100000000)
  region size 1024K, 0 young (0K), 0 survivors (0K)
 Metaspace       used 64237K, committed 64832K, reserved 1105920K
  class space    used 8566K, committed 8832K, reserved 1048576K
}
Event: 365370.440 GC heap before
{Heap before GC invocations=35228 (full 35177):
 garbage-first heap   total 122880K, used 36576K [0x00000000a1000000, 0x0000000100000000)
  region size 1024K, 1 young (1024K), 0 survivors (0K)
 Metaspace       used 64237K, committed 64832K, reserved 1105920K
  class space    used 8566K, committed 8832K, reserved 1048576K
}
Event: 365370.523 GC heap after
{Heap after GC invocations=35229 (full 35178):
 garbage-first heap   total 122880K, used 36576K [0x00000000a1000000, 0x0000000100000000)
  region size 1024K, 0 young (0K), 0 survivors (0K)
 Metaspace       used 64237K, committed 64832K, reserved 1105920K
  class space    used 8566K, committed 8832K, reserved 1048576K
}
Event: 365380.849 GC heap before
{Heap before GC invocations=35229 (full 35178):
 garbage-first heap   total 122880K, used 36576K [0x00000000a1000000, 0x0000000100000000)
  region size 1024K, 1 young (1024K), 0 survivors (0K)
 Metaspace       used 64237K, committed 64832K, reserved 1105920K
  class space    used 8566K, committed 8832K, reserved 1048576K
}
Event: 365380.910 GC heap after
{Heap after GC invocations=35230 (full 35179):
 garbage-first heap   total 122880K, used 36576K [0x00000000a1000000, 0x0000000100000000)
  region size 1024K, 0 young (0K), 0 survivors (0K)
 Metaspace       used 64237K, committed 64832K, reserved 1105920K
  class space    used 8566K, committed 8832K, reserved 1048576K
}
Event: 365391.397 GC heap before
{Heap before GC invocations=35230 (full 35179):
 garbage-first heap   total 122880K, used 36576K [0x00000000a1000000, 0x0000000100000000)
  region size 1024K, 1 young (1024K), 0 survivors (0K)
 Metaspace       used 64237K, committed 64832K, reserved 1105920K
  class space    used 8566K, committed 8832K, reserved 1048576K
}
Event: 365391.456 GC heap after
{Heap after GC invocations=35231 (full 35180):
 garbage-first heap   total 122880K, used 36576K [0x00000000a1000000, 0x0000000100000000)
  region size 1024K, 0 young (0K), 0 survivors (0K)
 Metaspace       used 64237K, committed 64832K, reserved 1105920K
  class space    used 8566K, committed 8832K, reserved 1048576K
}
Event: 365402.566 GC heap before
{Heap before GC invocations=35231 (full 35180):
 garbage-first heap   total 122880K, used 36576K [0x00000000a1000000, 0x0000000100000000)
  region size 1024K, 1 young (1024K), 0 survivors (0K)
 Metaspace       used 64237K, committed 64832K, reserved 1105920K
  class space    used 8566K, committed 8832K, reserved 1048576K
}
Event: 365402.631 GC heap after
{Heap after GC invocations=35232 (full 35181):
 garbage-first heap   total 122880K, used 36576K [0x00000000a1000000, 0x0000000100000000)
  region size 1024K, 0 young (0K), 0 survivors (0K)
 Metaspace       used 64237K, committed 64832K, reserved 1105920K
  class space    used 8566K, committed 8832K, reserved 1048576K
}
Event: 365412.997 GC heap before
{Heap before GC invocations=35232 (full 35181):
 garbage-first heap   total 122880K, used 36576K [0x00000000a1000000, 0x0000000100000000)
  region size 1024K, 1 young (1024K), 0 survivors (0K)
 Metaspace       used 64237K, committed 64832K, reserved 1105920K
  class space    used 8566K, committed 8832K, reserved 1048576K
}
Event: 365413.367 GC heap after
{Heap after GC invocations=35233 (full 35182):
 garbage-first heap   total 122880K, used 36576K [0x00000000a1000000, 0x0000000100000000)
  region size 1024K, 0 young (0K), 0 survivors (0K)
 Metaspace       used 64237K, committed 64832K, reserved 1105920K
  class space    used 8566K, committed 8832K, reserved 1048576K
}
Event: 365427.418 GC heap before
{Heap before GC invocations=35233 (full 35182):
 garbage-first heap   total 122880K, used 36576K [0x00000000a1000000, 0x0000000100000000)
  region size 1024K, 1 young (1024K), 0 survivors (0K)
 Metaspace       used 64237K, committed 64832K, reserved 1105920K
  class space    used 8566K, committed 8832K, reserved 1048576K
}
Event: 365428.547 GC heap after
{Heap after GC invocations=35234 (full 35183):
 garbage-first heap   total 122880K, used 36576K [0x00000000a1000000, 0x0000000100000000)
  region size 1024K, 0 young (0K), 0 survivors (0K)
 Metaspace       used 64237K, committed 64832K, reserved 1105920K
  class space    used 8566K, committed 8832K, reserved 1048576K
}

