# JRE version: OpenJDK Runtime Environment Temurin-17.0.5+8 (17.0.5+8) (build 17.0.5+8)
# Java VM: OpenJDK 64-Bit Server VM Temurin-17.0.5+8 (17.0.5+8, mixed mode, emulated-client, tiered, compressed oops, compressed class ptrs, g1 gc, windows-amd64)
GC Precious Log:
 CPUs: 4 total, 4 available
 Memory: 6075M
 Large Page Support: Disabled
 NUMA Support: Disabled
 Compressed Oops: Enabled (32-bit)
 Heap Region Size: 1M
 Heap Min Capacity: 8M
 Heap Initial Capacity: 96M
 Heap Max Capacity: 1520M
 Pre-touch: Disabled
 Parallel Workers: 4
 Concurrent Workers: 1
 Concurrent Refinement Workers: 4
 Periodic GC: Disabled
Heap:
 garbage-first heap   total 109568K, used 65742K [0x00000000a1000000, 0x0000000100000000)
  region size 1024K, 1 young (1024K), 1 survivors (1024K)
 Metaspace       used 44202K, committed 44544K, reserved 1089536K
  class space    used 5533K, committed 5696K, reserved 1048576K
GC Heap History (20 events):
Event: 6.037 GC heap after
{Heap after GC invocations=12 (full 0):
 garbage-first heap   total 58368K, used 24557K [0x00000000a1000000, 0x0000000100000000)
  region size 1024K, 3 young (3072K), 3 survivors (3072K)
 Metaspace       used 36653K, committed 36992K, reserved 1081344K
  class space    used 4699K, committed 4864K, reserved 1048576K
}
Event: 6.287 GC heap before
{Heap before GC invocations=12 (full 0):
 garbage-first heap   total 58368K, used 41965K [0x00000000a1000000, 0x0000000100000000)
  region size 1024K, 21 young (21504K), 3 survivors (3072K)
 Metaspace       used 36973K, committed 37312K, reserved 1081344K
  class space    used 4732K, committed 4864K, reserved 1048576K
}
Event: 6.293 GC heap after
{Heap after GC invocations=13 (full 0):
 garbage-first heap   total 58368K, used 28181K [0x00000000a1000000, 0x0000000100000000)
  region size 1024K, 3 young (3072K), 3 survivors (3072K)
 Metaspace       used 36973K, committed 37312K, reserved 1081344K
  class space    used 4732K, committed 4864K, reserved 1048576K
}
Event: 6.363 GC heap before
{Heap before GC invocations=13 (full 0):
 garbage-first heap   total 58368K, used 42517K [0x00000000a1000000, 0x0000000100000000)
  region size 1024K, 17 young (17408K), 3 survivors (3072K)
 Metaspace       used 37562K, committed 37952K, reserved 1089536K
  class space    used 4770K, committed 4928K, reserved 1048576K
}
Event: 6.369 GC heap after
{Heap after GC invocations=14 (full 0):
 garbage-first heap   total 58368K, used 31168K [0x00000000a1000000, 0x0000000100000000)
  region size 1024K, 3 young (3072K), 3 survivors (3072K)
 Metaspace       used 37562K, committed 37952K, reserved 1089536K
  class space    used 4770K, committed 4928K, reserved 1048576K
}
Event: 6.454 GC heap before
{Heap before GC invocations=15 (full 0):
 garbage-first heap   total 63488K, used 42432K [0x00000000a1000000, 0x0000000100000000)
  region size 1024K, 15 young (15360K), 3 survivors (3072K)
 Metaspace       used 38017K, committed 38336K, reserved 1089536K
  class space    used 4801K, committed 4928K, reserved 1048576K
}
Event: 6.458 GC heap after
{Heap after GC invocations=16 (full 0):
 garbage-first heap   total 63488K, used 33954K [0x00000000a1000000, 0x0000000100000000)
  region size 1024K, 2 young (2048K), 2 survivors (2048K)
 Metaspace       used 38017K, committed 38336K, reserved 1089536K
  class space    used 4801K, committed 4928K, reserved 1048576K
}
Event: 6.491 GC heap before
{Heap before GC invocations=16 (full 0):
 garbage-first heap   total 63488K, used 46242K [0x00000000a1000000, 0x0000000100000000)
  region size 1024K, 15 young (15360K), 2 survivors (2048K)
 Metaspace       used 38017K, committed 38336K, reserved 1089536K
  class space    used 4801K, committed 4928K, reserved 1048576K
}
Event: 6.495 GC heap after
{Heap after GC invocations=17 (full 0):
 garbage-first heap   total 105472K, used 37021K [0x00000000a1000000, 0x0000000100000000)
  region size 1024K, 2 young (2048K), 2 survivors (2048K)
 Metaspace       used 38017K, committed 38336K, reserved 1089536K
  class space    used 4801K, committed 4928K, reserved 1048576K
}
Event: 6.657 GC heap before
{Heap before GC invocations=18 (full 0):
 garbage-first heap   total 105472K, used 76957K [0x00000000a1000000, 0x0000000100000000)
  region size 1024K, 41 young (41984K), 2 survivors (2048K)
 Metaspace       used 38662K, committed 39040K, reserved 1089536K
  class space    used 4867K, committed 5056K, reserved 1048576K
}
Event: 6.667 GC heap after
{Heap after GC invocations=19 (full 0):
 garbage-first heap   total 105472K, used 43867K [0x00000000a1000000, 0x0000000100000000)
  region size 1024K, 6 young (6144K), 6 survivors (6144K)
 Metaspace       used 38662K, committed 39040K, reserved 1089536K
  class space    used 4867K, committed 5056K, reserved 1048576K
}
Event: 6.670 GC heap before
{Heap before GC invocations=19 (full 0):
 garbage-first heap   total 105472K, used 44891K [0x00000000a1000000, 0x0000000100000000)
  region size 1024K, 7 young (7168K), 6 survivors (6144K)
 Metaspace       used 38662K, committed 39040K, reserved 1089536K
  class space    used 4867K, committed 5056K, reserved 1048576K
}
Event: 6.675 GC heap after
{Heap after GC invocations=20 (full 0):
 garbage-first heap   total 105472K, used 43885K [0x00000000a1000000, 0x0000000100000000)
  region size 1024K, 1 young (1024K), 1 survivors (1024K)
 Metaspace       used 38662K, committed 39040K, reserved 1089536K
  class space    used 4867K, committed 5056K, reserved 1048576K
}
Event: 6.943 GC heap before
{Heap before GC invocations=20 (full 0):
 garbage-first heap   total 105472K, used 74605K [0x00000000a1000000, 0x0000000100000000)
  region size 1024K, 32 young (32768K), 1 survivors (1024K)
 Metaspace       used 38927K, committed 39232K, reserved 1089536K
  class space    used 4920K, committed 5056K, reserved 1048576K
}
Event: 6.956 GC heap after
{Heap after GC invocations=21 (full 0):
 garbage-first heap   total 105472K, used 55193K [0x00000000a1000000, 0x0000000100000000)
  region size 1024K, 4 young (4096K), 4 survivors (4096K)
 Metaspace       used 38927K, committed 39232K, reserved 1089536K
  class space    used 4920K, committed 5056K, reserved 1048576K
}
Event: 7.523 GC heap before
{Heap before GC invocations=21 (full 0):
 garbage-first heap   total 105472K, used 75673K [0x00000000a1000000, 0x0000000100000000)
  region size 1024K, 25 young (25600K), 4 survivors (4096K)
 Metaspace       used 42497K, committed 42944K, reserved 1089536K
  class space    used 5312K, committed 5504K, reserved 1048576K
}
Event: 7.529 GC heap after
{Heap after GC invocations=22 (full 0):
 garbage-first heap   total 105472K, used 57232K [0x00000000a1000000, 0x0000000100000000)
  region size 1024K, 2 young (2048K), 2 survivors (2048K)
 Metaspace       used 42497K, committed 42944K, reserved 1089536K
  class space    used 5312K, committed 5504K, reserved 1048576K
}
Event: 7.740 GC heap before
{Heap before GC invocations=23 (full 0):
 garbage-first heap   total 109568K, used 79760K [0x00000000a1000000, 0x0000000100000000)
  region size 1024K, 24 young (24576K), 2 survivors (2048K)
 Metaspace       used 44054K, committed 44416K, reserved 1089536K
  class space    used 5520K, committed 5696K, reserved 1048576K
}
Event: 7.750 GC heap after
{Heap after GC invocations=24 (full 0):
 garbage-first heap   total 109568K, used 65763K [0x00000000a1000000, 0x0000000100000000)
  region size 1024K, 3 young (3072K), 3 survivors (3072K)
 Metaspace       used 44054K, committed 44416K, reserved 1089536K
  class space    used 5520K, committed 5696K, reserved 1048576K
}
Event: 7.757 GC heap before
{Heap before GC invocations=24 (full 0):
 garbage-first heap   total 109568K, used 67811K [0x00000000a1000000, 0x0000000100000000)
  region size 1024K, 5 young (5120K), 3 survivors (3072K)
 Metaspace       used 44202K, committed 44544K, reserved 1089536K
  class space    used 5533K, committed 5696K, reserved 1048576K
}

