# JRE version: OpenJDK Runtime Environment Temurin-17.0.5+8 (17.0.5+8) (build 17.0.5+8)
# Java VM: OpenJDK 64-Bit Server VM Temurin-17.0.5+8 (17.0.5+8, mixed mode, emulated-client, tiered, compressed oops, compressed class ptrs, g1 gc, windows-amd64)
GC Precious Log:
 CPUs: 4 total, 4 available
 Memory: 6075M
 Large Page Support: Disabled
 NUMA Support: Disabled
 Compressed Oops: Enabled (32-bit)
 Heap Region Size: 1M
 Heap Min Capacity: 8M
 Heap Initial Capacity: 96M
 Heap Max Capacity: 1520M
 Pre-touch: Disabled
 Parallel Workers: 4
 Concurrent Workers: 1
 Concurrent Refinement Workers: 4
 Periodic GC: Disabled
Heap:
 garbage-first heap   total 98304K, used 34262K [0x00000000a1000000, 0x0000000100000000)
  region size 1024K, 2 young (2048K), 2 survivors (2048K)
 Metaspace       used 36363K, committed 36672K, reserved 1081344K
  class space    used 4684K, committed 4800K, reserved 1048576K
GC Heap History (20 events):
Event: 16.631 GC heap after
{Heap after GC invocations=9 (full 0):
 garbage-first heap   total 48128K, used 19783K [0x00000000a1000000, 0x0000000100000000)
  region size 1024K, 2 young (2048K), 2 survivors (2048K)
 Metaspace       used 33808K, committed 34112K, reserved 1081344K
  class space    used 4339K, committed 4480K, reserved 1048576K
}
Event: 18.999 GC heap before
{Heap before GC invocations=9 (full 0):
 garbage-first heap   total 48128K, used 33095K [0x00000000a1000000, 0x0000000100000000)
  region size 1024K, 16 young (16384K), 2 survivors (2048K)
 Metaspace       used 35585K, committed 35904K, reserved 1081344K
  class space    used 4602K, committed 4736K, reserved 1048576K
}
Event: 19.004 GC heap after
{Heap after GC invocations=10 (full 0):
 garbage-first heap   total 48128K, used 21645K [0x00000000a1000000, 0x0000000100000000)
  region size 1024K, 2 young (2048K), 2 survivors (2048K)
 Metaspace       used 35585K, committed 35904K, reserved 1081344K
  class space    used 4602K, committed 4736K, reserved 1048576K
}
Event: 19.295 GC heap before
{Heap before GC invocations=10 (full 0):
 garbage-first heap   total 48128K, used 34957K [0x00000000a1000000, 0x0000000100000000)
  region size 1024K, 16 young (16384K), 2 survivors (2048K)
 Metaspace       used 35585K, committed 35904K, reserved 1081344K
  class space    used 4602K, committed 4736K, reserved 1048576K
}
Event: 19.303 GC heap after
{Heap after GC invocations=11 (full 0):
 garbage-first heap   total 48128K, used 24492K [0x00000000a1000000, 0x0000000100000000)
  region size 1024K, 2 young (2048K), 2 survivors (2048K)
 Metaspace       used 35585K, committed 35904K, reserved 1081344K
  class space    used 4602K, committed 4736K, reserved 1048576K
}
Event: 19.634 GC heap before
{Heap before GC invocations=11 (full 0):
 garbage-first heap   total 48128K, used 34732K [0x00000000a1000000, 0x0000000100000000)
  region size 1024K, 13 young (13312K), 2 survivors (2048K)
 Metaspace       used 35585K, committed 35904K, reserved 1081344K
  class space    used 4602K, committed 4736K, reserved 1048576K
}
Event: 19.658 GC heap after
{Heap after GC invocations=12 (full 0):
 garbage-first heap   total 48128K, used 26916K [0x00000000a1000000, 0x0000000100000000)
  region size 1024K, 2 young (2048K), 2 survivors (2048K)
 Metaspace       used 35585K, committed 35904K, reserved 1081344K
  class space    used 4602K, committed 4736K, reserved 1048576K
}
Event: 20.368 GC heap before
{Heap before GC invocations=13 (full 0):
 garbage-first heap   total 48128K, used 35108K [0x00000000a1000000, 0x0000000100000000)
  region size 1024K, 11 young (11264K), 2 survivors (2048K)
 Metaspace       used 35585K, committed 35904K, reserved 1081344K
  class space    used 4602K, committed 4736K, reserved 1048576K
}
Event: 20.371 GC heap after
{Heap after GC invocations=14 (full 0):
 garbage-first heap   total 48128K, used 29184K [0x00000000a1000000, 0x0000000100000000)
  region size 1024K, 2 young (2048K), 2 survivors (2048K)
 Metaspace       used 35585K, committed 35904K, reserved 1081344K
  class space    used 4602K, committed 4736K, reserved 1048576K
}
Event: 20.436 GC heap before
{Heap before GC invocations=14 (full 0):
 garbage-first heap   total 48128K, used 30208K [0x00000000a1000000, 0x0000000100000000)
  region size 1024K, 3 young (3072K), 2 survivors (2048K)
 Metaspace       used 35585K, committed 35904K, reserved 1081344K
  class space    used 4602K, committed 4736K, reserved 1048576K
}
Event: 20.438 GC heap after
{Heap after GC invocations=15 (full 0):
 garbage-first heap   total 48128K, used 29050K [0x00000000a1000000, 0x0000000100000000)
  region size 1024K, 1 young (1024K), 1 survivors (1024K)
 Metaspace       used 35585K, committed 35904K, reserved 1081344K
  class space    used 4602K, committed 4736K, reserved 1048576K
}
Event: 20.771 GC heap before
{Heap before GC invocations=15 (full 0):
 garbage-first heap   total 48128K, used 36218K [0x00000000a1000000, 0x0000000100000000)
  region size 1024K, 9 young (9216K), 1 survivors (1024K)
 Metaspace       used 36095K, committed 36416K, reserved 1081344K
  class space    used 4666K, committed 4800K, reserved 1048576K
}
Event: 20.777 GC heap after
{Heap after GC invocations=16 (full 0):
 garbage-first heap   total 48128K, used 30008K [0x00000000a1000000, 0x0000000100000000)
  region size 1024K, 2 young (2048K), 2 survivors (2048K)
 Metaspace       used 36095K, committed 36416K, reserved 1081344K
  class space    used 4666K, committed 4800K, reserved 1048576K
}
Event: 20.995 GC heap before
{Heap before GC invocations=17 (full 0):
 garbage-first heap   total 53248K, used 37176K [0x00000000a1000000, 0x0000000100000000)
  region size 1024K, 9 young (9216K), 2 survivors (2048K)
 Metaspace       used 36308K, committed 36672K, reserved 1081344K
  class space    used 4672K, committed 4800K, reserved 1048576K
}
Event: 20.998 GC heap after
{Heap after GC invocations=18 (full 0):
 garbage-first heap   total 53248K, used 31170K [0x00000000a1000000, 0x0000000100000000)
  region size 1024K, 2 young (2048K), 2 survivors (2048K)
 Metaspace       used 36308K, committed 36672K, reserved 1081344K
  class space    used 4672K, committed 4800K, reserved 1048576K
}
Event: 21.001 GC heap before
{Heap before GC invocations=18 (full 0):
 garbage-first heap   total 53248K, used 32194K [0x00000000a1000000, 0x0000000100000000)
  region size 1024K, 3 young (3072K), 2 survivors (2048K)
 Metaspace       used 36308K, committed 36672K, reserved 1081344K
  class space    used 4672K, committed 4800K, reserved 1048576K
}
Event: 21.003 GC heap after
{Heap after GC invocations=19 (full 0):
 garbage-first heap   total 53248K, used 31155K [0x00000000a1000000, 0x0000000100000000)
  region size 1024K, 1 young (1024K), 1 survivors (1024K)
 Metaspace       used 36308K, committed 36672K, reserved 1081344K
  class space    used 4672K, committed 4800K, reserved 1048576K
}
Event: 21.067 GC heap before
{Heap before GC invocations=19 (full 0):
 garbage-first heap   total 53248K, used 40371K [0x00000000a1000000, 0x0000000100000000)
  region size 1024K, 10 young (10240K), 1 survivors (1024K)
 Metaspace       used 36338K, committed 36672K, reserved 1081344K
  class space    used 4680K, committed 4800K, reserved 1048576K
}
Event: 21.070 GC heap after
{Heap after GC invocations=20 (full 0):
 garbage-first heap   total 53248K, used 32619K [0x00000000a1000000, 0x0000000100000000)
  region size 1024K, 2 young (2048K), 2 survivors (2048K)
 Metaspace       used 36338K, committed 36672K, reserved 1081344K
  class space    used 4680K, committed 4800K, reserved 1048576K
}
Event: 21.173 GC heap before
{Heap before GC invocations=20 (full 0):
 garbage-first heap   total 63488K, used 41835K [0x00000000a1000000, 0x0000000100000000)
  region size 1024K, 11 young (11264K), 2 survivors (2048K)
 Metaspace       used 36363K, committed 36672K, reserved 1081344K
  class space    used 4684K, committed 4800K, reserved 1048576K
}

